<?xml version="1.0" encoding="UTF-8"?>
<testng-results ignored="0" total="1" passed="1" failed="0" skipped="0">
  <reporter-output>
  </reporter-output>
  <suite started-at="2024-08-15T17:05:29 IST" name="Default suite" finished-at="2024-08-15T17:05:32 IST" duration-ms="3612">
    <groups>
    </groups>
    <test started-at="2024-08-15T17:05:29 IST" name="Default test" finished-at="2024-08-15T17:05:32 IST" duration-ms="3612">
      <class name="EndToEndFramework.StandAloneTest">
        <test-method signature="addcart()[pri:0, instance:EndToEndFramework.StandAloneTest@26e356f0]" started-at="2024-08-15T17:05:29 IST" name="addcart" finished-at="2024-08-15T17:05:32 IST" duration-ms="3582" status="PASS">
          <reporter-output>
          </reporter-output>
        </test-method> <!-- addcart -->
      </class> <!-- EndToEndFramework.StandAloneTest -->
    </test> <!-- Default test -->
  </suite> <!-- Default suite -->
</testng-results>
