<?xml version="1.0" encoding="UTF-8"?>
<!-- Generated by org.testng.reporters.JUnitXMLReporter -->
<testsuite ignored="0" hostname="RahulHome" failures="1" tests="8" name="Test" time="0.059" errors="0" timestamp="2024-08-14T15:42:13 IST">
  <testcase classname="testNgPractice.Class1" name="method1" time="0.006"/>
  <testcase classname="testNgPractice.Class1" name="method2" time="0.0"/>
  <testcase classname="testNgPractice.Class2" name="title" time="0.0"/>
  <testcase classname="testNgPractice.Class2" name="login" time="0.005">
    <failure type="java.lang.AssertionError" message="expected [true] but found [false]">
      <![CDATA[java.lang.AssertionError: expected [true] but found [false]
at testNgPractice.Class2.login(Class2.java:18)
at java.base/java.util.ArrayList.forEach(ArrayList.java:1511)
... Removed 31 stack frames]]>
    </failure>
  </testcase> <!-- login -->
  <testcase classname="testNgPractice.Class2" name="search" time="0.0"/>
  <testcase classname="testNgPractice.DataProviders" name="test" time="0.0"/>
  <testcase classname="testNgPractice.DataProviders" name="test" time="0.001"/>
  <testcase classname="testNgPractice.DataProviders" name="test" time="0.001"/>
</testsuite> <!-- Test -->
